<?xml version="1.0" encoding="UTF-8"?>
<!-- Generated by org.testng.reporters.JUnitReportReporter -->
<testsuite hostname="LAPTOP-7MJ8VETR" name="Account.RegisterPage" tests="12" failures="0" timestamp="20 Nov 2020 15:44:37 GMT" time="236.809" errors="0">
  <testcase name="TestNoEmail" time="17.797" classname="Account.RegisterPage"/>
  <testcase name="TestPasswordPolicy" time="22.625" classname="Account.RegisterPage"/>
  <testcase name="TestNoPassword" time="17.171" classname="Account.RegisterPage"/>
  <testcase name="TestPasswordMatch" time="17.386" classname="Account.RegisterPage"/>
  <testcase name="RegisterTest" time="16.882" classname="Account.RegisterPage"/>
  <testcase name="TestInvalidEmail" time="17.328" classname="Account.RegisterPage"/>
  <testcase name="TestInvalidEmail" time="21.993" classname="Account.RegisterPage"/>
  <testcase name="TestPasswordMatch" time="22.602" classname="Account.RegisterPage"/>
  <testcase name="TestPasswordPolicy" time="17.848" classname="Account.RegisterPage"/>
  <testcase name="RegisterTest" time="22.760" classname="Account.RegisterPage"/>
  <testcase name="TestNoPassword" time="20.649" classname="Account.RegisterPage"/>
  <testcase name="TestNoEmail" time="21.768" classname="Account.RegisterPage"/>
</testsuite> <!-- Account.RegisterPage -->
