<?xml version="1.0" encoding="UTF-8"?>
<!-- Generated by org.testng.reporters.JUnitReportReporter -->
<testsuite hostname="LAPTOP-UISU80L1" failures="0" tests="1" name="RBAC.CreateUser" time="33.156" errors="0" timestamp="2021-01-05T14:55:21 IST" skipped="0">
  <testcase classname="RBAC.CreateUser" name="TestNoEmail" time="33.156"/>
  <system-out/>
</testsuite> <!-- RBAC.CreateUser -->
