<?xml version="1.0" encoding="UTF-8"?>
<!-- Generated by org.testng.reporters.JUnitReportReporter -->
<testsuite hostname="LAPTOP-UISU80L1" failures="0" tests="1" name="DataOutput_File.DataOutput" time="80.818" errors="0" timestamp="2021-01-06T16:46:40 IST" skipped="0">
  <testcase classname="DataOutput_File.DataOutput" name="TestNofilename" time="80.818"/>
  <system-out/>
</testsuite> <!-- DataOutput_File.DataOutput -->
