<?xml version="1.0" encoding="UTF-8"?>
<!-- Generated by org.testng.reporters.JUnitReportReporter -->
<testsuite hostname="LAPTOP-UISU80L1" failures="0" tests="1" name="DataOutput_File.DataOutput" time="131.666" errors="0" timestamp="2020-12-22T14:51:17 IST" skipped="0">
  <testcase classname="DataOutput_File.DataOutput" name="TestInvalidMapkey" time="131.666"/>
  <system-out/>
</testsuite> <!-- DataOutput_File.DataOutput -->
