<?xml version="1.0" encoding="UTF-8"?>
<!-- Generated by org.testng.reporters.JUnitReportReporter -->
<testsuite hostname="LAPTOP-UISU80L1" failures="0" tests="1" name="CP_QualityCheck.QC_QualityCheck" time="37.214" errors="0" timestamp="2020-12-30T15:07:59 IST" skipped="0">
  <testcase classname="CP_QualityCheck.QC_QualityCheck" name="TestUpdate" time="37.214"/>
  <system-out/>
</testsuite> <!-- CP_QualityCheck.QC_QualityCheck -->
