<?xml version="1.0" encoding="UTF-8"?>
<!-- Generated by org.testng.reporters.JUnitReportReporter -->
<testsuite hostname="LAPTOP-UISU80L1" failures="0" tests="1" name="Account.LoginPage" time="24.348" errors="0" timestamp="2020-12-08T17:12:14 IST" skipped="0">
  <testcase classname="Account.LoginPage" name="TestLogin" time="24.348"/>
  <system-out/>
</testsuite> <!-- Account.LoginPage -->
