<?xml version="1.0" encoding="UTF-8"?>
<!-- Generated by org.testng.reporters.JUnitReportReporter -->
<testsuite hostname="LAPTOP-UISU80L1" failures="0" tests="1" name="CP_QualityValidation.QV_QualityValidation" time="30.160" errors="0" timestamp="2021-01-06T13:50:22 IST" skipped="0">
  <testcase classname="CP_QualityValidation.QV_QualityValidation" name="QV_TestViewLogs" time="30.160"/>
  <system-out/>
</testsuite> <!-- CP_QualityValidation.QV_QualityValidation -->
