<?xml version="1.0" encoding="UTF-8"?>
<!-- Generated by org.testng.reporters.JUnitReportReporter -->
<testsuite hostname="LAPTOP-UISU80L1" failures="0" tests="1" name="Service.DocumentCategory" time="58.121" errors="0" timestamp="2021-01-05T12:30:53 IST" skipped="0">
  <testcase classname="Service.DocumentCategory" name="TestValidTitle" time="58.121"/>
  <system-out/>
</testsuite> <!-- Service.DocumentCategory -->
