<?xml version="1.0" encoding="UTF-8"?>
<!-- Generated by org.testng.reporters.JUnitReportReporter -->
<testsuite hostname="LAPTOP-UISU80L1" failures="0" tests="3" name="RBAC.CreateRole" time="134.001" errors="0" timestamp="2020-12-10T14:50:47 IST" skipped="0">
  <testcase classname="RBAC.CreateRole" name="EditRoleName" time="46.363"/>
  <system-out/>
  <testcase classname="RBAC.CreateRole" name="EditRoleExists" time="36.431"/>
  <system-out/>
  <testcase classname="RBAC.CreateRole" name="EditRoleDescription" time="51.207"/>
  <system-out/>
</testsuite> <!-- RBAC.CreateRole -->
