<?xml version="1.0" encoding="UTF-8"?>
<!-- Generated by org.testng.reporters.JUnitReportReporter -->
<testsuite hostname="LAPTOP-UISU80L1" failures="0" tests="1" name="Service.DocumentCategory" time="42.676" errors="0" timestamp="2021-01-06T16:27:03 IST" skipped="0">
  <testcase classname="Service.DocumentCategory" name="TestValidEnviryaOCR" time="42.676"/>
  <system-out/>
</testsuite> <!-- Service.DocumentCategory -->
