<?xml version="1.0" encoding="UTF-8"?>
<!-- Generated by org.testng.reporters.JUnitReportReporter -->
<testsuite hostname="LAPTOP-UISU80L1" failures="0" tests="1" name="QualityCheck_File.QualityCheck" time="176.202" errors="0" timestamp="2020-12-30T11:54:15 IST" skipped="0">
  <testcase classname="QualityCheck_File.QualityCheck" name="TestValidQCQV" time="176.202"/>
  <system-out/>
</testsuite> <!-- QualityCheck_File.QualityCheck -->
