<?xml version="1.0" encoding="UTF-8"?>
<!-- Generated by org.testng.reporters.JUnitReportReporter -->
<testsuite hostname="LAPTOP-UISU80L1" failures="0" tests="1" name="RBAC.CreateUser" time="24.352" errors="0" timestamp="2020-12-11T15:24:52 IST" skipped="0">
  <testcase classname="RBAC.CreateUser" name="TestNoRole" time="24.352"/>
  <system-out/>
</testsuite> <!-- RBAC.CreateUser -->
