<?xml version="1.0" encoding="UTF-8"?>
<!-- Generated by org.testng.reporters.JUnitReportReporter -->
<testsuite hostname="LAPTOP-UISU80L1" failures="0" tests="1" name="QualityCheck_File.QualityCheck" time="102.507" errors="0" timestamp="2021-01-05T11:40:23 IST" skipped="0">
  <testcase classname="QualityCheck_File.QualityCheck" name="TestNoQC" time="102.507"/>
  <system-out/>
</testsuite> <!-- QualityCheck_File.QualityCheck -->
